This file contains any messages produced by compilers while
running configure, to aid debugging if configure makes a mistake.

It was created by GNU Aspell configure 0.60.7-20110707, which was
generated by GNU Autoconf 2.61.  Invocation command line was

  $ ./configure 

## --------- ##
## Platform. ##
## --------- ##

hostname = tansa-work
uname -m = x86_64
uname -r = 2.6.38-11-generic
uname -s = Linux
uname -v = #48-Ubuntu SMP Fri Jul 29 19:02:55 UTC 2011

/usr/bin/uname -p = unknown
/bin/uname -X     = unknown

/bin/arch              = unknown
/usr/bin/arch -k       = unknown
/usr/convex/getsysinfo = unknown
/usr/bin/hostinfo      = unknown
/bin/machine           = unknown
/usr/bin/oslevel       = unknown
/bin/universe          = unknown

PATH: /home/tansa/Greeware.Linux/seadas6.2/run/bin
PATH: /home/tansa/Greeware.Linux/seadas6.2/run/scripts
PATH: /home/tansa/Greeware.Linux/seadas6.2/run/bin3
PATH: /usr/local/sbin
PATH: /usr/local/bin
PATH: /usr/sbin
PATH: /usr/bin
PATH: /sbin
PATH: /bin
PATH: /usr/games
PATH: /home/tansa/NEST4B
PATH: /home/tansa/Greeware.Linux/mendeleydesktop-0.9.9.2-linux-x86_64/bin
PATH: /home/tansa/Greeware.Linux/NEST4B


## ----------- ##
## Core tests. ##
## ----------- ##

configure:2027: checking build system type
configure:2045: result: x86_64-unknown-linux-gnu
configure:2067: checking host system type
configure:2082: result: x86_64-unknown-linux-gnu
configure:2104: checking target system type
configure:2119: result: x86_64-unknown-linux-gnu
configure:2162: checking for a BSD-compatible install
configure:2218: result: /usr/bin/install -c
configure:2229: checking whether build environment is sane
configure:2272: result: yes
configure:2406: checking for a thread-safe mkdir -p
configure:2445: result: /bin/mkdir -p
configure:2458: checking for gawk
configure:2474: found /usr/bin/gawk
configure:2485: result: gawk
configure:2496: checking whether make sets $(MAKE)
configure:2517: result: yes
configure:2602: checking whether to enable maintainer-specific portions of Makefiles
configure:2611: result: no
configure:2797: checking for g++
configure:2813: found /usr/bin/g++
configure:2824: result: g++
configure:2855: checking for C++ compiler version
configure:2862: g++ --version >&5
g++ (Ubuntu/Linaro 4.5.2-8ubuntu4) 4.5.2
Copyright (C) 2010 Free Software Foundation, Inc.
This is free software; see the source for copying conditions.  There is NO
warranty; not even for MERCHANTABILITY or FITNESS FOR A PARTICULAR PURPOSE.

configure:2865: $? = 0
configure:2872: g++ -v >&5
Using built-in specs.
COLLECT_GCC=g++
COLLECT_LTO_WRAPPER=/usr/lib/x86_64-linux-gnu/gcc/x86_64-linux-gnu/4.5.2/lto-wrapper
Target: x86_64-linux-gnu
Configured with: ../src/configure -v --with-pkgversion='Ubuntu/Linaro 4.5.2-8ubuntu4' --with-bugurl=file:///usr/share/doc/gcc-4.5/README.Bugs --enable-languages=c,c++,fortran,objc,obj-c++ --prefix=/usr --program-suffix=-4.5 --enable-shared --enable-multiarch --with-multiarch-defaults=x86_64-linux-gnu --enable-linker-build-id --with-system-zlib --libexecdir=/usr/lib/x86_64-linux-gnu --without-included-gettext --enable-threads=posix --with-gxx-include-dir=/usr/include/c++/4.5 --libdir=/usr/lib/x86_64-linux-gnu --enable-nls --with-sysroot=/ --enable-clocale=gnu --enable-libstdcxx-debug --enable-libstdcxx-time=yes --enable-plugin --enable-gold --enable-ld=default --with-plugin-ld=ld.gold --enable-objc-gc --disable-werror --with-arch-32=i686 --with-tune=generic --enable-checking=release --build=x86_64-linux-gnu --host=x86_64-linux-gnu --target=x86_64-linux-gnu
Thread model: posix
gcc version 4.5.2 (Ubuntu/Linaro 4.5.2-8ubuntu4) 
configure:2875: $? = 0
configure:2882: g++ -V >&5
g++: '-V' option must have argument
configure:2885: $? = 1
configure:2908: checking for C++ compiler default output file name
configure:2935: g++    conftest.cpp  >&5
configure:2938: $? = 0
configure:2976: result: a.out
configure:2993: checking whether the C++ compiler works
configure:3003: ./a.out
configure:3006: $? = 0
configure:3023: result: yes
configure:3030: checking whether we are cross compiling
configure:3032: result: no
configure:3035: checking for suffix of executables
configure:3042: g++ -o conftest    conftest.cpp  >&5
configure:3045: $? = 0
configure:3069: result: 
configure:3075: checking for suffix of object files
configure:3101: g++ -c   conftest.cpp >&5
configure:3104: $? = 0
configure:3127: result: o
configure:3131: checking whether we are using the GNU C++ compiler
configure:3160: g++ -c   conftest.cpp >&5
configure:3166: $? = 0
configure:3183: result: yes
configure:3188: checking whether g++ accepts -g
configure:3218: g++ -c -g  conftest.cpp >&5
configure:3224: $? = 0
configure:3323: result: yes
configure:3357: checking for style of include used by make
configure:3385: result: GNU
configure:3410: checking dependency style of g++
configure:3520: result: gcc3
configure:3595: checking for gcc
configure:3611: found /usr/bin/gcc
configure:3622: result: gcc
configure:3860: checking for C compiler version
configure:3867: gcc --version >&5
gcc (Ubuntu/Linaro 4.5.2-8ubuntu4) 4.5.2
Copyright (C) 2010 Free Software Foundation, Inc.
This is free software; see the source for copying conditions.  There is NO
warranty; not even for MERCHANTABILITY or FITNESS FOR A PARTICULAR PURPOSE.

configure:3870: $? = 0
configure:3877: gcc -v >&5
Using built-in specs.
COLLECT_GCC=gcc
COLLECT_LTO_WRAPPER=/usr/lib/x86_64-linux-gnu/gcc/x86_64-linux-gnu/4.5.2/lto-wrapper
Target: x86_64-linux-gnu
Configured with: ../src/configure -v --with-pkgversion='Ubuntu/Linaro 4.5.2-8ubuntu4' --with-bugurl=file:///usr/share/doc/gcc-4.5/README.Bugs --enable-languages=c,c++,fortran,objc,obj-c++ --prefix=/usr --program-suffix=-4.5 --enable-shared --enable-multiarch --with-multiarch-defaults=x86_64-linux-gnu --enable-linker-build-id --with-system-zlib --libexecdir=/usr/lib/x86_64-linux-gnu --without-included-gettext --enable-threads=posix --with-gxx-include-dir=/usr/include/c++/4.5 --libdir=/usr/lib/x86_64-linux-gnu --enable-nls --with-sysroot=/ --enable-clocale=gnu --enable-libstdcxx-debug --enable-libstdcxx-time=yes --enable-plugin --enable-gold --enable-ld=default --with-plugin-ld=ld.gold --enable-objc-gc --disable-werror --with-arch-32=i686 --with-tune=generic --enable-checking=release --build=x86_64-linux-gnu --host=x86_64-linux-gnu --target=x86_64-linux-gnu
Thread model: posix
gcc version 4.5.2 (Ubuntu/Linaro 4.5.2-8ubuntu4) 
configure:3880: $? = 0
configure:3887: gcc -V >&5
gcc: '-V' option must have argument
configure:3890: $? = 1
configure:3893: checking whether we are using the GNU C compiler
configure:3922: gcc -c   conftest.c >&5
configure:3928: $? = 0
configure:3945: result: yes
configure:3950: checking whether gcc accepts -g
configure:3980: gcc -c -g  conftest.c >&5
configure:3986: $? = 0
configure:4085: result: yes
configure:4102: checking for gcc option to accept ISO C89
configure:4176: gcc  -c -g -O2  conftest.c >&5
configure:4182: $? = 0
configure:4205: result: none needed
configure:4225: checking dependency style of gcc
configure:4335: result: gcc3
configure:4351: checking whether gcc and cc understand -c and -o together
configure:4386: gcc -c conftest.cpp -o conftest2.o >&5
configure:4389: $? = 0
configure:4395: gcc -c conftest.cpp -o conftest2.o >&5
configure:4398: $? = 0
configure:4409: cc -c conftest.cpp >&5
configure:4412: $? = 0
configure:4420: cc -c conftest.cpp -o conftest2.o >&5
configure:4423: $? = 0
configure:4429: cc -c conftest.cpp -o conftest2.o >&5
configure:4432: $? = 0
configure:4450: result: yes
configure:4538: checking for a sed that does not truncate output
configure:4617: result: /bin/sed
configure:4635: checking for grep that handles long lines and -e
configure:4709: result: /bin/grep
configure:4714: checking for egrep
configure:4792: result: /bin/grep -E
configure:4797: checking for fgrep
configure:4875: result: /bin/grep -F
configure:4910: checking for ld used by gcc
configure:4977: result: /usr/bin/ld
configure:4986: checking if the linker (/usr/bin/ld) is GNU ld
configure:5001: result: yes
configure:5013: checking for BSD- or MS-compatible name lister (nm)
configure:5062: result: /usr/bin/nm -B
configure:5184: checking the name lister (/usr/bin/nm -B) interface
configure:5191: g++ -c -g -O2 -fno-exceptions  conftest.cpp >&5
configure:5194: /usr/bin/nm -B "conftest.o"
configure:5197: output
0000000000000000 B some_variable
configure:5204: result: BSD nm
configure:5207: checking whether ln -s works
configure:5211: result: yes
configure:5219: checking the maximum length of command line arguments
configure:5339: result: 1572864
configure:5356: checking whether the shell understands some XSI constructs
configure:5364: result: yes
configure:5368: checking whether the shell understands "+="
configure:5374: result: yes
configure:5409: checking for /usr/bin/ld option to reload object files
configure:5416: result: -r
configure:5443: checking how to recognize dependent libraries
configure:5633: result: pass_all
configure:5693: checking for ar
configure:5709: found /usr/bin/ar
configure:5720: result: ar
configure:5802: checking for strip
configure:5818: found /usr/bin/strip
configure:5829: result: strip
configure:5905: checking for ranlib
configure:5921: found /usr/bin/ranlib
configure:5932: result: ranlib
configure:6026: checking command to parse /usr/bin/nm -B output from gcc object
configure:6144: g++ -c -g -O2 -fno-exceptions  conftest.cpp >&5
configure:6147: $? = 0
configure:6151: /usr/bin/nm -B conftest.o \| sed -n -e 's/^.*[	 ]\([ABCDGIRSTW][ABCDGIRSTW]*\)[	 ][	 ]*\([_A-Za-z][_A-Za-z0-9]*\)$/\1 \2 \2/p' \> conftest.nm
configure:6154: $? = 0
configure:6208: g++ -o conftest -g -O2 -fno-exceptions   conftest.cpp conftstm.o >&5
configure:6211: $? = 0
configure:6249: result: ok
configure:6345: g++ -c -g -O2 -fno-exceptions  conftest.cpp >&5
configure:6348: $? = 0
configure:6825: checking how to run the C preprocessor
configure:6865: gcc -E  conftest.c
configure:6871: $? = 0
configure:6902: gcc -E  conftest.c
conftest.c:10:28: fatal error: ac_nonexistent.h: No such file or directory
compilation terminated.
configure:6908: $? = 1
configure: failed program was:
| /* confdefs.h.  */
| #define PACKAGE_NAME "GNU Aspell"
| #define PACKAGE_TARNAME "aspell"
| #define PACKAGE_VERSION "0.60.7-20110707"
| #define PACKAGE_STRING "GNU Aspell 0.60.7-20110707"
| #define PACKAGE_BUGREPORT ""
| #define PACKAGE "aspell"
| #define VERSION "0.60.7-20110707"
| /* end confdefs.h.  */
| #include <ac_nonexistent.h>
configure:6941: result: gcc -E
configure:6970: gcc -E  conftest.c
configure:6976: $? = 0
configure:7007: gcc -E  conftest.c
conftest.c:10:28: fatal error: ac_nonexistent.h: No such file or directory
compilation terminated.
configure:7013: $? = 1
configure: failed program was:
| /* confdefs.h.  */
| #define PACKAGE_NAME "GNU Aspell"
| #define PACKAGE_TARNAME "aspell"
| #define PACKAGE_VERSION "0.60.7-20110707"
| #define PACKAGE_STRING "GNU Aspell 0.60.7-20110707"
| #define PACKAGE_BUGREPORT ""
| #define PACKAGE "aspell"
| #define VERSION "0.60.7-20110707"
| /* end confdefs.h.  */
| #include <ac_nonexistent.h>
configure:7051: checking for ANSI C header files
configure:7081: gcc -c -g -O2  conftest.c >&5
configure:7087: $? = 0
configure:7186: gcc -o conftest -g -O2   conftest.c  >&5
configure:7189: $? = 0
configure:7195: ./conftest
configure:7198: $? = 0
configure:7215: result: yes
configure:7239: checking for sys/types.h
configure:7260: gcc -c -g -O2  conftest.c >&5
configure:7266: $? = 0
configure:7282: result: yes
configure:7239: checking for sys/stat.h
configure:7260: gcc -c -g -O2  conftest.c >&5
configure:7266: $? = 0
configure:7282: result: yes
configure:7239: checking for stdlib.h
configure:7260: gcc -c -g -O2  conftest.c >&5
configure:7266: $? = 0
configure:7282: result: yes
configure:7239: checking for string.h
configure:7260: gcc -c -g -O2  conftest.c >&5
configure:7266: $? = 0
configure:7282: result: yes
configure:7239: checking for memory.h
configure:7260: gcc -c -g -O2  conftest.c >&5
configure:7266: $? = 0
configure:7282: result: yes
configure:7239: checking for strings.h
configure:7260: gcc -c -g -O2  conftest.c >&5
configure:7266: $? = 0
configure:7282: result: yes
configure:7239: checking for inttypes.h
configure:7260: gcc -c -g -O2  conftest.c >&5
configure:7266: $? = 0
configure:7282: result: yes
configure:7239: checking for stdint.h
configure:7260: gcc -c -g -O2  conftest.c >&5
configure:7266: $? = 0
configure:7282: result: yes
configure:7239: checking for unistd.h
configure:7260: gcc -c -g -O2  conftest.c >&5
configure:7266: $? = 0
configure:7282: result: yes
configure:7298: checking for dlfcn.h
configure:7319: gcc -c -g -O2  conftest.c >&5
configure:7325: $? = 0
configure:7341: result: yes
configure:7470: checking for C++ compiler version
configure:7477: g++ --version >&5
g++ (Ubuntu/Linaro 4.5.2-8ubuntu4) 4.5.2
Copyright (C) 2010 Free Software Foundation, Inc.
This is free software; see the source for copying conditions.  There is NO
warranty; not even for MERCHANTABILITY or FITNESS FOR A PARTICULAR PURPOSE.

configure:7480: $? = 0
configure:7487: g++ -v >&5
Using built-in specs.
COLLECT_GCC=g++
COLLECT_LTO_WRAPPER=/usr/lib/x86_64-linux-gnu/gcc/x86_64-linux-gnu/4.5.2/lto-wrapper
Target: x86_64-linux-gnu
Configured with: ../src/configure -v --with-pkgversion='Ubuntu/Linaro 4.5.2-8ubuntu4' --with-bugurl=file:///usr/share/doc/gcc-4.5/README.Bugs --enable-languages=c,c++,fortran,objc,obj-c++ --prefix=/usr --program-suffix=-4.5 --enable-shared --enable-multiarch --with-multiarch-defaults=x86_64-linux-gnu --enable-linker-build-id --with-system-zlib --libexecdir=/usr/lib/x86_64-linux-gnu --without-included-gettext --enable-threads=posix --with-gxx-include-dir=/usr/include/c++/4.5 --libdir=/usr/lib/x86_64-linux-gnu --enable-nls --with-sysroot=/ --enable-clocale=gnu --enable-libstdcxx-debug --enable-libstdcxx-time=yes --enable-plugin --enable-gold --enable-ld=default --with-plugin-ld=ld.gold --enable-objc-gc --disable-werror --with-arch-32=i686 --with-tune=generic --enable-checking=release --build=x86_64-linux-gnu --host=x86_64-linux-gnu --target=x86_64-linux-gnu
Thread model: posix
gcc version 4.5.2 (Ubuntu/Linaro 4.5.2-8ubuntu4) 
configure:7490: $? = 0
configure:7497: g++ -V >&5
g++: '-V' option must have argument
configure:7500: $? = 1
configure:7503: checking whether we are using the GNU C++ compiler
configure:7555: result: yes
configure:7560: checking whether g++ accepts -g
configure:7695: result: yes
configure:7720: checking dependency style of g++
configure:7830: result: gcc3
configure:7853: checking how to run the C++ preprocessor
configure:7889: g++ -E  conftest.cpp
configure:7895: $? = 0
configure:7926: g++ -E  conftest.cpp
conftest.cpp:21:28: fatal error: ac_nonexistent.h: No such file or directory
compilation terminated.
configure:7932: $? = 1
configure: failed program was:
| /* confdefs.h.  */
| #define PACKAGE_NAME "GNU Aspell"
| #define PACKAGE_TARNAME "aspell"
| #define PACKAGE_VERSION "0.60.7-20110707"
| #define PACKAGE_STRING "GNU Aspell 0.60.7-20110707"
| #define PACKAGE_BUGREPORT ""
| #define PACKAGE "aspell"
| #define VERSION "0.60.7-20110707"
| #define STDC_HEADERS 1
| #define HAVE_SYS_TYPES_H 1
| #define HAVE_SYS_STAT_H 1
| #define HAVE_STDLIB_H 1
| #define HAVE_STRING_H 1
| #define HAVE_MEMORY_H 1
| #define HAVE_STRINGS_H 1
| #define HAVE_INTTYPES_H 1
| #define HAVE_STDINT_H 1
| #define HAVE_UNISTD_H 1
| #define HAVE_DLFCN_H 1
| /* end confdefs.h.  */
| #include <ac_nonexistent.h>
configure:7965: result: g++ -E
configure:7994: g++ -E  conftest.cpp
configure:8000: $? = 0
configure:8031: g++ -E  conftest.cpp
conftest.cpp:21:28: fatal error: ac_nonexistent.h: No such file or directory
compilation terminated.
configure:8037: $? = 1
configure: failed program was:
| /* confdefs.h.  */
| #define PACKAGE_NAME "GNU Aspell"
| #define PACKAGE_TARNAME "aspell"
| #define PACKAGE_VERSION "0.60.7-20110707"
| #define PACKAGE_STRING "GNU Aspell 0.60.7-20110707"
| #define PACKAGE_BUGREPORT ""
| #define PACKAGE "aspell"
| #define VERSION "0.60.7-20110707"
| #define STDC_HEADERS 1
| #define HAVE_SYS_TYPES_H 1
| #define HAVE_SYS_STAT_H 1
| #define HAVE_STDLIB_H 1
| #define HAVE_STRING_H 1
| #define HAVE_MEMORY_H 1
| #define HAVE_STRINGS_H 1
| #define HAVE_INTTYPES_H 1
| #define HAVE_STDINT_H 1
| #define HAVE_UNISTD_H 1
| #define HAVE_DLFCN_H 1
| /* end confdefs.h.  */
| #include <ac_nonexistent.h>
configure:8217: checking for objdir
configure:8232: result: .libs
configure:8528: checking if gcc supports -fno-rtti -fno-exceptions
configure:8546: gcc -c -g -O2  -fno-rtti -fno-exceptions conftest.c >&5
cc1: warning: command line option "-fno-rtti" is valid for C++/ObjC++ but not for C
configure:8550: $? = 0
configure:8563: result: no
configure:8583: checking for gcc option to produce PIC
configure:8840: result: -fPIC -DPIC
configure:8852: checking if gcc PIC flag -fPIC -DPIC works
configure:8870: gcc -c -g -O2  -fPIC -DPIC -DPIC conftest.c >&5
configure:8874: $? = 0
configure:8887: result: yes
configure:8911: checking if gcc static flag -static works
configure:8939: result: yes
configure:8954: checking if gcc supports -c -o file.o
configure:8975: gcc -c -g -O2  -o out/conftest2.o conftest.c >&5
configure:8979: $? = 0
configure:9001: result: yes
configure:9009: checking if gcc supports -c -o file.o
configure:9056: result: yes
configure:9089: checking whether the gcc linker (/usr/bin/ld -m elf_x86_64) supports shared libraries
configure:10143: result: yes
configure:10180: checking whether -lc should be explicitly linked in
configure:10185: gcc -c -g -O2  conftest.c >&5
configure:10188: $? = 0
configure:10203: gcc -shared conftest.o  -v -Wl,-soname -Wl,conftest -o conftest 2\>\&1 \| /bin/grep  -lc  \>/dev/null 2\>\&1
configure:10206: $? = 0
configure:10218: result: no
configure:10382: checking dynamic linker characteristics
configure:10825: gcc -o conftest -g -O2   -Wl,-rpath -Wl,/foo conftest.c  >&5
configure:10831: $? = 0
configure:11061: result: GNU/Linux ld.so
configure:11163: checking how to hardcode library paths into programs
configure:11188: result: immediate
configure:11307: checking for shl_load
configure:11363: gcc -o conftest -g -O2   conftest.c  >&5
/tmp/cc7Vnxnm.o: In function `main':
/home/tansa/.emacs.d/plugins/aspell-0.60.7-20110707/conftest.c:56: undefined reference to `shl_load'
collect2: ld returned 1 exit status
configure:11369: $? = 1
configure: failed program was:
| /* confdefs.h.  */
| #define PACKAGE_NAME "GNU Aspell"
| #define PACKAGE_TARNAME "aspell"
| #define PACKAGE_VERSION "0.60.7-20110707"
| #define PACKAGE_STRING "GNU Aspell 0.60.7-20110707"
| #define PACKAGE_BUGREPORT ""
| #define PACKAGE "aspell"
| #define VERSION "0.60.7-20110707"
| #define STDC_HEADERS 1
| #define HAVE_SYS_TYPES_H 1
| #define HAVE_SYS_STAT_H 1
| #define HAVE_STDLIB_H 1
| #define HAVE_STRING_H 1
| #define HAVE_MEMORY_H 1
| #define HAVE_STRINGS_H 1
| #define HAVE_INTTYPES_H 1
| #define HAVE_STDINT_H 1
| #define HAVE_UNISTD_H 1
| #define HAVE_DLFCN_H 1
| #define LT_OBJDIR ".libs/"
| /* end confdefs.h.  */
| /* Define shl_load to an innocuous variant, in case <limits.h> declares shl_load.
|    For example, HP-UX 11i <limits.h> declares gettimeofday.  */
| #define shl_load innocuous_shl_load
| 
| /* System header to define __stub macros and hopefully few prototypes,
|     which can conflict with char shl_load (); below.
|     Prefer <limits.h> to <assert.h> if __STDC__ is defined, since
|     <limits.h> exists even on freestanding compilers.  */
| 
| #ifdef __STDC__
| # include <limits.h>
| #else
| # include <assert.h>
| #endif
| 
| #undef shl_load
| 
| /* Override any GCC internal prototype to avoid an error.
|    Use char because int might match the return type of a GCC
|    builtin and then its argument prototype would still apply.  */
| #ifdef __cplusplus
| extern "C"
| #endif
| char shl_load ();
| /* The GNU C library defines this for functions which it implements
|     to always fail with ENOSYS.  Some functions are actually named
|     something starting with __ and the normal name is an alias.  */
| #if defined __stub_shl_load || defined __stub___shl_load
| choke me
| #endif
| 
| int
| main ()
| {
| return shl_load ();
|   ;
|   return 0;
| }
configure:11386: result: no
configure:11391: checking for shl_load in -ldld
configure:11426: gcc -o conftest -g -O2   conftest.c -ldld   >&5
/usr/bin/ld: cannot find -ldld
collect2: ld returned 1 exit status
configure:11432: $? = 1
configure: failed program was:
| /* confdefs.h.  */
| #define PACKAGE_NAME "GNU Aspell"
| #define PACKAGE_TARNAME "aspell"
| #define PACKAGE_VERSION "0.60.7-20110707"
| #define PACKAGE_STRING "GNU Aspell 0.60.7-20110707"
| #define PACKAGE_BUGREPORT ""
| #define PACKAGE "aspell"
| #define VERSION "0.60.7-20110707"
| #define STDC_HEADERS 1
| #define HAVE_SYS_TYPES_H 1
| #define HAVE_SYS_STAT_H 1
| #define HAVE_STDLIB_H 1
| #define HAVE_STRING_H 1
| #define HAVE_MEMORY_H 1
| #define HAVE_STRINGS_H 1
| #define HAVE_INTTYPES_H 1
| #define HAVE_STDINT_H 1
| #define HAVE_UNISTD_H 1
| #define HAVE_DLFCN_H 1
| #define LT_OBJDIR ".libs/"
| /* end confdefs.h.  */
| 
| /* Override any GCC internal prototype to avoid an error.
|    Use char because int might match the return type of a GCC
|    builtin and then its argument prototype would still apply.  */
| #ifdef __cplusplus
| extern "C"
| #endif
| char shl_load ();
| int
| main ()
| {
| return shl_load ();
|   ;
|   return 0;
| }
configure:11450: result: no
configure:11455: checking for dlopen
configure:11511: gcc -o conftest -g -O2   conftest.c  >&5
/tmp/ccM1qxrl.o: In function `main':
/home/tansa/.emacs.d/plugins/aspell-0.60.7-20110707/conftest.c:56: undefined reference to `dlopen'
collect2: ld returned 1 exit status
configure:11517: $? = 1
configure: failed program was:
| /* confdefs.h.  */
| #define PACKAGE_NAME "GNU Aspell"
| #define PACKAGE_TARNAME "aspell"
| #define PACKAGE_VERSION "0.60.7-20110707"
| #define PACKAGE_STRING "GNU Aspell 0.60.7-20110707"
| #define PACKAGE_BUGREPORT ""
| #define PACKAGE "aspell"
| #define VERSION "0.60.7-20110707"
| #define STDC_HEADERS 1
| #define HAVE_SYS_TYPES_H 1
| #define HAVE_SYS_STAT_H 1
| #define HAVE_STDLIB_H 1
| #define HAVE_STRING_H 1
| #define HAVE_MEMORY_H 1
| #define HAVE_STRINGS_H 1
| #define HAVE_INTTYPES_H 1
| #define HAVE_STDINT_H 1
| #define HAVE_UNISTD_H 1
| #define HAVE_DLFCN_H 1
| #define LT_OBJDIR ".libs/"
| /* end confdefs.h.  */
| /* Define dlopen to an innocuous variant, in case <limits.h> declares dlopen.
|    For example, HP-UX 11i <limits.h> declares gettimeofday.  */
| #define dlopen innocuous_dlopen
| 
| /* System header to define __stub macros and hopefully few prototypes,
|     which can conflict with char dlopen (); below.
|     Prefer <limits.h> to <assert.h> if __STDC__ is defined, since
|     <limits.h> exists even on freestanding compilers.  */
| 
| #ifdef __STDC__
| # include <limits.h>
| #else
| # include <assert.h>
| #endif
| 
| #undef dlopen
| 
| /* Override any GCC internal prototype to avoid an error.
|    Use char because int might match the return type of a GCC
|    builtin and then its argument prototype would still apply.  */
| #ifdef __cplusplus
| extern "C"
| #endif
| char dlopen ();
| /* The GNU C library defines this for functions which it implements
|     to always fail with ENOSYS.  Some functions are actually named
|     something starting with __ and the normal name is an alias.  */
| #if defined __stub_dlopen || defined __stub___dlopen
| choke me
| #endif
| 
| int
| main ()
| {
| return dlopen ();
|   ;
|   return 0;
| }
configure:11534: result: no
configure:11539: checking for dlopen in -ldl
configure:11574: gcc -o conftest -g -O2   conftest.c -ldl   >&5
configure:11580: $? = 0
configure:11598: result: yes
configure:11767: checking whether a program can dlopen itself
configure:11841: gcc -o conftest -g -O2  -DHAVE_DLFCN_H  -Wl,--export-dynamic conftest.c -ldl  >&5
configure: In function 'main':
configure:11837:5: warning: incompatible implicit declaration of built-in function 'exit'
configure:11844: $? = 0
configure:11862: result: yes
configure:11867: checking whether a statically linked program can dlopen itself
configure:11941: gcc -o conftest -g -O2  -DHAVE_DLFCN_H  -Wl,--export-dynamic -static conftest.c -ldl  >&5
configure: In function 'main':
configure:11937:5: warning: incompatible implicit declaration of built-in function 'exit'
/tmp/ccvx2sSw.o: In function `main':
/home/tansa/.emacs.d/plugins/aspell-0.60.7-20110707/configure:11925: warning: Using 'dlopen' in statically linked applications requires at runtime the shared libraries from the glibc version used for linking
/usr/bin/ld: dynamic STT_GNU_IFUNC symbol `strcmp' with pointer equality in `/usr/lib/x86_64-linux-gnu/gcc/x86_64-linux-gnu/4.5.2/../../../libc.a(strcmp.o)' can not be used when making an executable; recompile with -fPIE and relink with -pie
collect2: ld returned 1 exit status
configure:11944: $? = 1
configure:11962: result: no
configure:12001: checking whether stripping libraries is possible
configure:12006: result: yes
configure:12041: checking if libtool supports shared libraries
configure:12043: result: yes
configure:12046: checking whether to build shared libraries
configure:12067: result: yes
configure:12070: checking whether to build static libraries
configure:12074: result: no
configure:12224: checking for ld used by g++
configure:12291: result: /usr/bin/ld -m elf_x86_64
configure:12300: checking if the linker (/usr/bin/ld -m elf_x86_64) is GNU ld
configure:12315: result: yes
configure:12370: checking whether the g++ linker (/usr/bin/ld -m elf_x86_64) supports shared libraries
configure:13332: result: yes
configure:13360: g++ -c -g -O2 -fno-exceptions  conftest.cpp >&5
configure:13363: $? = 0
configure:13545: checking for g++ option to produce PIC
configure:13854: result: -fPIC -DPIC
configure:13863: checking if g++ PIC flag -fPIC -DPIC works
configure:13881: g++ -c -g -O2 -fno-exceptions  -fPIC -DPIC -DPIC conftest.cpp >&5
configure:13885: $? = 0
configure:13898: result: yes
configure:13919: checking if g++ static flag -static works
configure:13947: result: yes
configure:13959: checking if g++ supports -c -o file.o
configure:13980: g++ -c -g -O2 -fno-exceptions  -o out/conftest2.o conftest.cpp >&5
configure:13984: $? = 0
configure:14006: result: yes
configure:14011: checking if g++ supports -c -o file.o
configure:14058: result: yes
configure:14088: checking whether the g++ linker (/usr/bin/ld -m elf_x86_64) supports shared libraries
configure:14114: result: yes
configure:14251: checking dynamic linker characteristics
configure:14642: g++ -o conftest -g -O2 -fno-exceptions   -Wl,-rpath -Wl,/foo conftest.cpp  >&5
configure:14648: $? = 0
configure:14878: result: GNU/Linux ld.so
configure:14929: checking how to hardcode library paths into programs
configure:14954: result: immediate
configure:15020: checking for dlfcn.h
configure:15026: result: yes
configure:15157: checking for dlopen
configure:15236: result: no
configure:15242: checking for dlopen in -ldl
configure:15301: result: yes
configure:15320: checking for sed
configure:15347: result: /bin/sed
configure:15357: checking for perl
configure:15375: found /usr/bin/perl
configure:15387: result: /usr/bin/perl
configure:15463: checking whether NLS is requested
configure:15472: result: yes
configure:15510: checking for msgfmt
configure: trying /usr/bin/msgfmt...
0 translated messages.
configure:15542: result: /usr/bin/msgfmt
configure:15551: checking for gmsgfmt
configure:15582: result: /usr/bin/msgfmt
configure:15633: checking for xgettext
configure: trying /usr/bin/xgettext...
/usr/bin/xgettext: warning: file `/dev/null' extension `' is unknown; will try C
configure:15665: result: /usr/bin/xgettext
configure:15711: checking for msgmerge
configure: trying /usr/bin/msgmerge...
configure:15742: result: /usr/bin/msgmerge
configure:15796: checking for ld used by GCC
configure:15860: result: /usr/bin/ld -m elf_x86_64
configure:15869: checking if the linker (/usr/bin/ld -m elf_x86_64) is GNU ld
configure:15882: result: yes
configure:15889: checking for shared library run path origin
configure:15902: result: done
configure:16359: checking for CFPreferencesCopyAppValue
configure:16387: g++ -o conftest -g -O2 -fno-exceptions   conftest.cpp -ldl  -Wl,-framework -Wl,CoreFoundation >&5
conftest.cpp:25:42: fatal error: CoreFoundation/CFPreferences.h: No such file or directory
compilation terminated.
configure:16393: $? = 1
configure: failed program was:
| /* confdefs.h.  */
| #define PACKAGE_NAME "GNU Aspell"
| #define PACKAGE_TARNAME "aspell"
| #define PACKAGE_VERSION "0.60.7-20110707"
| #define PACKAGE_STRING "GNU Aspell 0.60.7-20110707"
| #define PACKAGE_BUGREPORT ""
| #define PACKAGE "aspell"
| #define VERSION "0.60.7-20110707"
| #define STDC_HEADERS 1
| #define HAVE_SYS_TYPES_H 1
| #define HAVE_SYS_STAT_H 1
| #define HAVE_STDLIB_H 1
| #define HAVE_STRING_H 1
| #define HAVE_MEMORY_H 1
| #define HAVE_STRINGS_H 1
| #define HAVE_INTTYPES_H 1
| #define HAVE_STDINT_H 1
| #define HAVE_UNISTD_H 1
| #define HAVE_DLFCN_H 1
| #define LT_OBJDIR ".libs/"
| #define HAVE_DLFCN_H 1
| #define HAVE_LIBDL 1
| #define FILTER_VERSION_CONTROL 1
| /* end confdefs.h.  */
| #include <CoreFoundation/CFPreferences.h>
| int
| main ()
| {
| CFPreferencesCopyAppValue(NULL, NULL)
|   ;
|   return 0;
| }
configure:16411: result: no
configure:16420: checking for CFLocaleCopyCurrent
configure:16448: g++ -o conftest -g -O2 -fno-exceptions   conftest.cpp -ldl  -Wl,-framework -Wl,CoreFoundation >&5
conftest.cpp:25:37: fatal error: CoreFoundation/CFLocale.h: No such file or directory
compilation terminated.
configure:16454: $? = 1
configure: failed program was:
| /* confdefs.h.  */
| #define PACKAGE_NAME "GNU Aspell"
| #define PACKAGE_TARNAME "aspell"
| #define PACKAGE_VERSION "0.60.7-20110707"
| #define PACKAGE_STRING "GNU Aspell 0.60.7-20110707"
| #define PACKAGE_BUGREPORT ""
| #define PACKAGE "aspell"
| #define VERSION "0.60.7-20110707"
| #define STDC_HEADERS 1
| #define HAVE_SYS_TYPES_H 1
| #define HAVE_SYS_STAT_H 1
| #define HAVE_STDLIB_H 1
| #define HAVE_STRING_H 1
| #define HAVE_MEMORY_H 1
| #define HAVE_STRINGS_H 1
| #define HAVE_INTTYPES_H 1
| #define HAVE_STDINT_H 1
| #define HAVE_UNISTD_H 1
| #define HAVE_DLFCN_H 1
| #define LT_OBJDIR ".libs/"
| #define HAVE_DLFCN_H 1
| #define HAVE_LIBDL 1
| #define FILTER_VERSION_CONTROL 1
| /* end confdefs.h.  */
| #include <CoreFoundation/CFLocale.h>
| int
| main ()
| {
| CFLocaleCopyCurrent();
|   ;
|   return 0;
| }
configure:16472: result: no
configure:16523: checking for GNU gettext in libc
configure:16553: g++ -o conftest -g -O2 -fno-exceptions   conftest.cpp -ldl  >&5
configure:16559: $? = 0
configure:16577: result: yes
configure:17293: checking whether to use NLS
configure:17295: result: yes
configure:17298: checking where the gettext function comes from
configure:17309: result: libc
configure:17400: checking for dlfcn.h
configure:17406: result: yes
configure:17536: checking for dlopen in -ldl
configure:17595: result: yes
configure:17613: checking if file locking and truncating is supported
configure:17640: g++ -o conftest -g -O2 -fno-exceptions   conftest.cpp -ldl -ldl  >&5
conftest.cpp: In function 'int main()':
conftest.cpp:38:19: warning: ignoring return value of 'int ftruncate(int, __off_t)', declared with attribute warn_unused_result
configure:17646: $? = 0
configure:17652: result: yes
configure:17671: checking if mmap and friends is supported
configure:17697: g++ -o conftest -g -O2 -fno-exceptions   conftest.cpp -ldl -ldl  >&5
configure:17703: $? = 0
configure:17709: result: yes
configure:17727: checking if file ino is supported
configure:17769: g++ -o conftest -g -O2 -fno-exceptions   conftest.cpp -ldl -ldl  >&5
configure:17772: $? = 0
configure:17778: ./conftest
configure:17781: $? = 0
configure:17783: result: yes
configure:17805: checking if posix locals are supported
configure:17829: g++ -c -g -O2 -fno-exceptions  conftest.cpp >&5
configure:17835: $? = 0
configure:17840: result: yes
configure:17859: checking if posix regex are supported
configure:17885: g++ -o conftest -g -O2 -fno-exceptions   conftest.cpp -ldl -ldl  >&5
configure:17891: $? = 0
configure:17897: result: yes
configure:17917: checking for nl_langinfo and CODESET
configure:17943: g++ -o conftest -g -O2 -fno-exceptions   conftest.cpp -ldl -ldl  >&5
configure:17949: $? = 0
configure:17967: result: yes
configure:17986: checking if posix mutexes are supported
configure:18021: g++ -o conftest -g -O2 -fno-exceptions   conftest.cpp  -ldl -ldl  >&5
configure:18027: $? = 0
configure:18053: result: yes
configure:18078: checking if mblen is supported
configure:18103: g++ -o conftest -g -O2 -fno-exceptions   conftest.cpp -ldl -ldl  >&5
configure:18109: $? = 0
configure:18115: result: yes
configure:18163: checking for working curses library
configure:18190: g++ -o conftest -g -O2 -fno-exceptions    conftest.cpp -lncursesw -ldl -ldl  >&5
conftest.cpp:38:29: fatal error: ncursesw/curses.h: No such file or directory
compilation terminated.
configure:18196: $? = 1
configure: failed program was:
| /* confdefs.h.  */
| #define PACKAGE_NAME "GNU Aspell"
| #define PACKAGE_TARNAME "aspell"
| #define PACKAGE_VERSION "0.60.7-20110707"
| #define PACKAGE_STRING "GNU Aspell 0.60.7-20110707"
| #define PACKAGE_BUGREPORT ""
| #define PACKAGE "aspell"
| #define VERSION "0.60.7-20110707"
| #define STDC_HEADERS 1
| #define HAVE_SYS_TYPES_H 1
| #define HAVE_SYS_STAT_H 1
| #define HAVE_STDLIB_H 1
| #define HAVE_STRING_H 1
| #define HAVE_MEMORY_H 1
| #define HAVE_STRINGS_H 1
| #define HAVE_INTTYPES_H 1
| #define HAVE_STDINT_H 1
| #define HAVE_UNISTD_H 1
| #define HAVE_DLFCN_H 1
| #define LT_OBJDIR ".libs/"
| #define HAVE_DLFCN_H 1
| #define HAVE_LIBDL 1
| #define FILTER_VERSION_CONTROL 1
| #define ENABLE_NLS 1
| #define HAVE_GETTEXT 1
| #define HAVE_DCGETTEXT 1
| #define HAVE_DLFCN_H 1
| #define HAVE_LIBDL 1
| #define USE_FILE_LOCKS 1
| #define HAVE_MMAP 1
| #define USE_FILE_INO 1
| #define USE_LOCALE 1
| #define USE_POSIX_REGEX 1
| #define HAVE_LANGINFO_CODESET 1
| #define USE_POSIX_MUTEX 1
| #define HAVE_MBLEN 1
| /* end confdefs.h.  */
| #include <ncursesw/curses.h>
| int
| main ()
| {
| initscr()
|   ;
|   return 0;
| }
configure:18248: g++ -o conftest -g -O2 -fno-exceptions    conftest.cpp -lncurses -ldl -ldl  >&5
conftest.cpp:38:28: fatal error: ncurses/curses.h: No such file or directory
compilation terminated.
configure:18254: $? = 1
configure: failed program was:
| /* confdefs.h.  */
| #define PACKAGE_NAME "GNU Aspell"
| #define PACKAGE_TARNAME "aspell"
| #define PACKAGE_VERSION "0.60.7-20110707"
| #define PACKAGE_STRING "GNU Aspell 0.60.7-20110707"
| #define PACKAGE_BUGREPORT ""
| #define PACKAGE "aspell"
| #define VERSION "0.60.7-20110707"
| #define STDC_HEADERS 1
| #define HAVE_SYS_TYPES_H 1
| #define HAVE_SYS_STAT_H 1
| #define HAVE_STDLIB_H 1
| #define HAVE_STRING_H 1
| #define HAVE_MEMORY_H 1
| #define HAVE_STRINGS_H 1
| #define HAVE_INTTYPES_H 1
| #define HAVE_STDINT_H 1
| #define HAVE_UNISTD_H 1
| #define HAVE_DLFCN_H 1
| #define LT_OBJDIR ".libs/"
| #define HAVE_DLFCN_H 1
| #define HAVE_LIBDL 1
| #define FILTER_VERSION_CONTROL 1
| #define ENABLE_NLS 1
| #define HAVE_GETTEXT 1
| #define HAVE_DCGETTEXT 1
| #define HAVE_DLFCN_H 1
| #define HAVE_LIBDL 1
| #define USE_FILE_LOCKS 1
| #define HAVE_MMAP 1
| #define USE_FILE_INO 1
| #define USE_LOCALE 1
| #define USE_POSIX_REGEX 1
| #define HAVE_LANGINFO_CODESET 1
| #define USE_POSIX_MUTEX 1
| #define HAVE_MBLEN 1
| /* end confdefs.h.  */
| #include <ncurses/curses.h>
| int
| main ()
| {
| initscr()
|   ;
|   return 0;
| }
configure:18298: g++ -o conftest -g -O2 -fno-exceptions    conftest.cpp -lncurses -ldl -ldl  >&5
configure:18304: $? = 0
configure:18446: result: found in -lncurses
configure:18475: checking for wide character support in curses libraray
configure:18503: g++ -o conftest -g -O2 -fno-exceptions    conftest.cpp -lncurses -ldl -ldl  >&5
conftest.cpp: In function 'int main()':
conftest.cpp:47:29: error: 'addnwstr' was not declared in this scope
configure:18509: $? = 1
configure: failed program was:
| /* confdefs.h.  */
| #define PACKAGE_NAME "GNU Aspell"
| #define PACKAGE_TARNAME "aspell"
| #define PACKAGE_VERSION "0.60.7-20110707"
| #define PACKAGE_STRING "GNU Aspell 0.60.7-20110707"
| #define PACKAGE_BUGREPORT ""
| #define PACKAGE "aspell"
| #define VERSION "0.60.7-20110707"
| #define STDC_HEADERS 1
| #define HAVE_SYS_TYPES_H 1
| #define HAVE_SYS_STAT_H 1
| #define HAVE_STDLIB_H 1
| #define HAVE_STRING_H 1
| #define HAVE_MEMORY_H 1
| #define HAVE_STRINGS_H 1
| #define HAVE_INTTYPES_H 1
| #define HAVE_STDINT_H 1
| #define HAVE_UNISTD_H 1
| #define HAVE_DLFCN_H 1
| #define LT_OBJDIR ".libs/"
| #define HAVE_DLFCN_H 1
| #define HAVE_LIBDL 1
| #define FILTER_VERSION_CONTROL 1
| #define ENABLE_NLS 1
| #define HAVE_GETTEXT 1
| #define HAVE_DCGETTEXT 1
| #define HAVE_DLFCN_H 1
| #define HAVE_LIBDL 1
| #define USE_FILE_LOCKS 1
| #define HAVE_MMAP 1
| #define USE_FILE_INO 1
| #define USE_LOCALE 1
| #define USE_POSIX_REGEX 1
| #define HAVE_LANGINFO_CODESET 1
| #define USE_POSIX_MUTEX 1
| #define HAVE_MBLEN 1
| #define CURSES_HEADER <ncurses.h>
| #define TERM_HEADER <term.h>
| /* end confdefs.h.  */
| #include <wchar.h>
|             #include CURSES_HEADER
| 
| int
| main ()
| {
| wchar_t wch = 0;
|             addnwstr(&wch, 1);
|   ;
|   return 0;
| }
configure:18553: g++ -o conftest -g -O2 -fno-exceptions    conftest.cpp -lncurses -ldl -ldl  >&5
conftest.cpp: In function 'int main()':
conftest.cpp:48:29: error: 'addnwstr' was not declared in this scope
configure:18559: $? = 1
configure: failed program was:
| /* confdefs.h.  */
| #define PACKAGE_NAME "GNU Aspell"
| #define PACKAGE_TARNAME "aspell"
| #define PACKAGE_VERSION "0.60.7-20110707"
| #define PACKAGE_STRING "GNU Aspell 0.60.7-20110707"
| #define PACKAGE_BUGREPORT ""
| #define PACKAGE "aspell"
| #define VERSION "0.60.7-20110707"
| #define STDC_HEADERS 1
| #define HAVE_SYS_TYPES_H 1
| #define HAVE_SYS_STAT_H 1
| #define HAVE_STDLIB_H 1
| #define HAVE_STRING_H 1
| #define HAVE_MEMORY_H 1
| #define HAVE_STRINGS_H 1
| #define HAVE_INTTYPES_H 1
| #define HAVE_STDINT_H 1
| #define HAVE_UNISTD_H 1
| #define HAVE_DLFCN_H 1
| #define LT_OBJDIR ".libs/"
| #define HAVE_DLFCN_H 1
| #define HAVE_LIBDL 1
| #define FILTER_VERSION_CONTROL 1
| #define ENABLE_NLS 1
| #define HAVE_GETTEXT 1
| #define HAVE_DCGETTEXT 1
| #define HAVE_DLFCN_H 1
| #define HAVE_LIBDL 1
| #define USE_FILE_LOCKS 1
| #define HAVE_MMAP 1
| #define USE_FILE_INO 1
| #define USE_LOCALE 1
| #define USE_POSIX_REGEX 1
| #define HAVE_LANGINFO_CODESET 1
| #define USE_POSIX_MUTEX 1
| #define HAVE_MBLEN 1
| #define CURSES_HEADER <ncurses.h>
| #define TERM_HEADER <term.h>
| /* end confdefs.h.  */
| #define _XOPEN_SOURCE_EXTENDED 1
|             #include <wchar.h>
|             #include CURSES_HEADER
| 
| int
| main ()
| {
| wchar_t wch = 0;
|             addnwstr(&wch, 1);
|   ;
|   return 0;
| }
configure:18581: result: no
configure:18583: WARNING: Aspell will not be able to Display UTF-8 characters correctly.
configure:18602: checking if standard curses include sequence will work
configure:18632: g++ -o conftest -g -O2 -fno-exceptions    conftest.cpp -lncurses -ldl -ldl  >&5
configure:18638: $? = 0
configure:18644: result: yes
configure:18936: checking for STL rel_ops pollution
configure:18969: g++ -c -g -O2 -fno-exceptions  conftest.cpp >&5
configure:18975: $? = 0
configure:18980: result: no
configure:19163: creating ./config.status

## ---------------------- ##
## Running config.status. ##
## ---------------------- ##

This file was extended by GNU Aspell config.status 0.60.7-20110707, which was
generated by GNU Autoconf 2.61.  Invocation command line was

  CONFIG_FILES    = 
  CONFIG_HEADERS  = 
  CONFIG_LINKS    = 
  CONFIG_COMMANDS = 
  $ ./config.status 

on tansa-work

config.status:965: creating Makefile
config.status:965: creating gen/Makefile
config.status:965: creating common/Makefile
config.status:965: creating lib/Makefile
config.status:965: creating data/Makefile
config.status:965: creating auto/Makefile
config.status:965: creating modules/Makefile
config.status:965: creating modules/tokenizer/Makefile
config.status:965: creating modules/speller/Makefile
config.status:965: creating modules/speller/default/Makefile
config.status:965: creating interfaces/Makefile
config.status:965: creating interfaces/cc/Makefile
config.status:965: creating scripts/Makefile
config.status:965: creating examples/Makefile
config.status:965: creating prog/Makefile
config.status:965: creating manual/Makefile
config.status:965: creating po/Makefile.in
config.status:965: creating m4/Makefile
config.status:965: creating modules/filter/Makefile
config.status:965: creating myspell/Makefile
config.status:965: creating lib5/Makefile
config.status:965: creating gen/settings.h
config.status:1261: executing depfiles commands
config.status:1261: executing libtool commands
config.status:1261: executing po-directories commands

## ---------------- ##
## Cache variables. ##
## ---------------- ##

ac_cv_build=x86_64-unknown-linux-gnu
ac_cv_c_compiler_gnu=yes
ac_cv_cxx_compiler_gnu=yes
ac_cv_env_CCC_set=
ac_cv_env_CCC_value=
ac_cv_env_CC_set=
ac_cv_env_CC_value=
ac_cv_env_CFLAGS_set=
ac_cv_env_CFLAGS_value=
ac_cv_env_CPPFLAGS_set=
ac_cv_env_CPPFLAGS_value=
ac_cv_env_CPP_set=
ac_cv_env_CPP_value=
ac_cv_env_CXXCPP_set=
ac_cv_env_CXXCPP_value=
ac_cv_env_CXXFLAGS_set=
ac_cv_env_CXXFLAGS_value=
ac_cv_env_CXX_set=
ac_cv_env_CXX_value=
ac_cv_env_LDFLAGS_set=
ac_cv_env_LDFLAGS_value=
ac_cv_env_LIBS_set=
ac_cv_env_LIBS_value=
ac_cv_env_build_alias_set=
ac_cv_env_build_alias_value=
ac_cv_env_host_alias_set=
ac_cv_env_host_alias_value=
ac_cv_env_target_alias_set=
ac_cv_env_target_alias_value=
ac_cv_func_dlopen=no
ac_cv_func_shl_load=no
ac_cv_header_dlfcn_h=yes
ac_cv_header_inttypes_h=yes
ac_cv_header_memory_h=yes
ac_cv_header_stdc=yes
ac_cv_header_stdint_h=yes
ac_cv_header_stdlib_h=yes
ac_cv_header_string_h=yes
ac_cv_header_strings_h=yes
ac_cv_header_sys_stat_h=yes
ac_cv_header_sys_types_h=yes
ac_cv_header_unistd_h=yes
ac_cv_host=x86_64-unknown-linux-gnu
ac_cv_lib_dl_dlopen=yes
ac_cv_lib_dld_shl_load=no
ac_cv_objext=o
ac_cv_path_EGREP='/bin/grep -E'
ac_cv_path_FGREP='/bin/grep -F'
ac_cv_path_GMSGFMT=/usr/bin/msgfmt
ac_cv_path_GREP=/bin/grep
ac_cv_path_MSGFMT=/usr/bin/msgfmt
ac_cv_path_MSGMERGE=/usr/bin/msgmerge
ac_cv_path_PERLPROG=/usr/bin/perl
ac_cv_path_SED=/bin/sed
ac_cv_path_XGETTEXT=/usr/bin/xgettext
ac_cv_path_install='/usr/bin/install -c'
ac_cv_path_mkdir=/bin/mkdir
ac_cv_prog_AWK=gawk
ac_cv_prog_CPP='gcc -E'
ac_cv_prog_CXXCPP='g++ -E'
ac_cv_prog_SED=/bin/sed
ac_cv_prog_ac_ct_AR=ar
ac_cv_prog_ac_ct_CC=gcc
ac_cv_prog_ac_ct_CXX=g++
ac_cv_prog_ac_ct_RANLIB=ranlib
ac_cv_prog_ac_ct_STRIP=strip
ac_cv_prog_cc_c89=
ac_cv_prog_cc_g=yes
ac_cv_prog_cc_gcc_c_o=yes
ac_cv_prog_cxx_g=yes
ac_cv_prog_make_make_set=yes
ac_cv_target=x86_64-unknown-linux-gnu
acl_cv_hardcode_direct=no
acl_cv_hardcode_libdir_flag_spec='${wl}-rpath ${wl}$libdir'
acl_cv_hardcode_libdir_separator=
acl_cv_hardcode_minus_L=no
acl_cv_libext=a
acl_cv_path_LD='/usr/bin/ld -m elf_x86_64'
acl_cv_prog_gnu_ld=yes
acl_cv_rpath=done
acl_cv_shlibext=so
acl_cv_wl=-Wl,
am_cv_CC_dependencies_compiler_type=gcc3
am_cv_CXX_dependencies_compiler_type=gcc3
am_cv_langinfo_codeset=yes
gt_cv_func_CFLocaleCopyCurrent=no
gt_cv_func_CFPreferencesCopyAppValue=no
gt_cv_func_gnugettext1_libc=yes
lt_cv_deplibs_check_method=pass_all
lt_cv_dlopen=dlopen
lt_cv_dlopen_libs=-ldl
lt_cv_dlopen_self=yes
lt_cv_dlopen_self_static=no
lt_cv_file_magic_cmd='$MAGIC_CMD'
lt_cv_file_magic_test_file=
lt_cv_ld_reload_flag=-r
lt_cv_nm_interface='BSD nm'
lt_cv_objdir=.libs
lt_cv_path_LD=/usr/bin/ld
lt_cv_path_LDCXX='/usr/bin/ld -m elf_x86_64'
lt_cv_path_NM='/usr/bin/nm -B'
lt_cv_prog_compiler_c_o=yes
lt_cv_prog_compiler_c_o_CXX=yes
lt_cv_prog_compiler_pic_works=yes
lt_cv_prog_compiler_pic_works_CXX=yes
lt_cv_prog_compiler_rtti_exceptions=no
lt_cv_prog_compiler_static_works=yes
lt_cv_prog_compiler_static_works_CXX=yes
lt_cv_prog_gnu_ld=yes
lt_cv_prog_gnu_ldcxx=yes
lt_cv_sys_global_symbol_pipe='sed -n -e '\''s/^.*[	 ]\([ABCDGIRSTW][ABCDGIRSTW]*\)[	 ][	 ]*\([_A-Za-z][_A-Za-z0-9]*\)$/\1 \2 \2/p'\'''
lt_cv_sys_global_symbol_to_c_name_address='sed -n -e '\''s/^: \([^ ]*\) $/  {\"\1\", (void *) 0},/p'\'' -e '\''s/^[ABCDGIRSTW]* \([^ ]*\) \([^ ]*\)$/  {"\2", (void *) \&\2},/p'\'''
lt_cv_sys_global_symbol_to_c_name_address_lib_prefix='sed -n -e '\''s/^: \([^ ]*\) $/  {\"\1\", (void *) 0},/p'\'' -e '\''s/^[ABCDGIRSTW]* \([^ ]*\) \(lib[^ ]*\)$/  {"\2", (void *) \&\2},/p'\'' -e '\''s/^[ABCDGIRSTW]* \([^ ]*\) \([^ ]*\)$/  {"lib\2", (void *) \&\2},/p'\'''
lt_cv_sys_global_symbol_to_cdecl='sed -n -e '\''s/^T .* \(.*\)$/extern int \1();/p'\'' -e '\''s/^[ABCDGIRSTW]* .* \(.*\)$/extern char \1;/p'\'''
lt_cv_sys_max_cmd_len=1572864

## ----------------- ##
## Output variables. ##
## ----------------- ##

ACLOCAL='${SHELL} /home/tansa/.emacs.d/plugins/aspell-0.60.7-20110707/missing --run aclocal-1.10'
AMDEPBACKSLASH='\'
AMDEP_FALSE='#'
AMDEP_TRUE=''
AMTAR='${SHELL} /home/tansa/.emacs.d/plugins/aspell-0.60.7-20110707/missing --run tar'
AR='ar'
AUTOCONF='${SHELL} /home/tansa/.emacs.d/plugins/aspell-0.60.7-20110707/missing --run autoconf'
AUTOHEADER='${SHELL} /home/tansa/.emacs.d/plugins/aspell-0.60.7-20110707/missing --run autoheader'
AUTOMAKE='${SHELL} /home/tansa/.emacs.d/plugins/aspell-0.60.7-20110707/missing --run automake-1.10'
AWK='gawk'
CC='gcc'
CCDEPMODE='depmode=gcc3'
CFLAGS='-g -O2'
COMPILE_IN_FILTERS_FALSE=''
COMPILE_IN_FILTERS_TRUE='#'
CPP='gcc -E'
CPPFLAGS=''
CURSES_INCLUDE=''
CURSES_LIB='-lncurses'
CXX='g++'
CXXCPP='g++ -E'
CXXDEPMODE='depmode=gcc3'
CXXFLAGS='-g -O2 -fno-exceptions'
CYGPATH_W='echo'
DEFS='-DHAVE_CONFIG_H'
DEPDIR='.deps'
DSYMUTIL=''
DUMPBIN=''
ECHO_C=''
ECHO_N='-n'
ECHO_T=''
EGREP='/bin/grep -E'
EXEEXT=''
FGREP='/bin/grep -F'
GMSGFMT='/usr/bin/msgfmt'
GMSGFMT_015='/usr/bin/msgfmt'
GREP='/bin/grep'
INCREMENTED_SONAME_FALSE=''
INCREMENTED_SONAME_TRUE='#'
INSTALL_DATA='${INSTALL} -m 644'
INSTALL_PROGRAM='${INSTALL}'
INSTALL_SCRIPT='${INSTALL}'
INSTALL_STRIP_PROGRAM='$(install_sh) -c -s'
INTLLIBS=''
INTL_MACOSX_LIBS=''
LD='/usr/bin/ld -m elf_x86_64'
LDFLAGS=''
LIBICONV='-liconv'
LIBINTL=''
LIBOBJS=''
LIBS='-ldl -ldl '
LIBTOOL='$(SHELL) $(top_builddir)/libtool'
LN_S='ln -s'
LTLIBICONV='-liconv'
LTLIBINTL=''
LTLIBOBJS=''
MAINT='#'
MAINTAINER_MODE_FALSE=''
MAINTAINER_MODE_TRUE='#'
MAKEINFO='${SHELL} /home/tansa/.emacs.d/plugins/aspell-0.60.7-20110707/missing --run makeinfo'
MSGFMT='/usr/bin/msgfmt'
MSGFMT_015='/usr/bin/msgfmt'
MSGMERGE='/usr/bin/msgmerge'
NM='/usr/bin/nm -B'
NMEDIT=''
OBJEXT='o'
PACKAGE='aspell'
PACKAGE_BUGREPORT=''
PACKAGE_NAME='GNU Aspell'
PACKAGE_STRING='GNU Aspell 0.60.7-20110707'
PACKAGE_TARNAME='aspell'
PACKAGE_VERSION='0.60.7-20110707'
PATH_SEPARATOR=':'
PERLPROG='/usr/bin/perl'
POSUB='po'
PSPELL_COMPATIBILITY_FALSE='#'
PSPELL_COMPATIBILITY_TRUE=''
PTHREAD_LIB=''
RANLIB='ranlib'
SED='/bin/sed'
SET_MAKE=''
SHELL='/bin/bash'
STRIP='strip'
USE_NLS='yes'
VERSION='0.60.7-20110707'
XGETTEXT='/usr/bin/xgettext'
XGETTEXT_015='/usr/bin/xgettext'
ac_ct_CC='gcc'
ac_ct_CXX='g++'
ac_ct_DUMPBIN=''
am__fastdepCC_FALSE='#'
am__fastdepCC_TRUE=''
am__fastdepCXX_FALSE='#'
am__fastdepCXX_TRUE=''
am__include='include'
am__isrc=''
am__leading_dot='.'
am__quote=''
am__tar='${AMTAR} chof - "$$tardir"'
am__untar='${AMTAR} xf -'
bindir='${exec_prefix}/bin'
build='x86_64-unknown-linux-gnu'
build_alias=''
build_cpu='x86_64'
build_os='linux-gnu'
build_vendor='unknown'
datadir='${datarootdir}'
datarootdir='${prefix}/share'
docdir='${datarootdir}/doc/${PACKAGE_TARNAME}'
dvidir='${docdir}'
exec_prefix='${prefix}'
host='x86_64-unknown-linux-gnu'
host_alias=''
host_cpu='x86_64'
host_os='linux-gnu'
host_vendor='unknown'
htmldir='${docdir}'
includedir='${prefix}/include'
infodir='${datarootdir}/info'
install_sh='$(SHELL) /home/tansa/.emacs.d/plugins/aspell-0.60.7-20110707/install-sh'
libdir='${exec_prefix}/lib'
libexecdir='${exec_prefix}/libexec'
localedir='${datarootdir}/locale'
localstatedir='${prefix}/var'
lt_ECHO='echo'
mandir='${datarootdir}/man'
mkdir_p='/bin/mkdir -p'
oldincludedir='/usr/include'
pdfdir='${docdir}'
pkgdatadir='${libdir}/aspell-0.60'
pkgdocdir='${prefix}/share/doc/aspell'
pkglibdir='${libdir}/aspell-0.60'
prefix='/usr/local'
program_transform_name='s,x,x,'
psdir='${docdir}'
sbindir='${exec_prefix}/sbin'
sharedstatedir='${prefix}/com'
sysconfdir='${prefix}/etc'
target='x86_64-unknown-linux-gnu'
target_alias=''
target_cpu='x86_64'
target_os='linux-gnu'
target_vendor='unknown'

## ----------- ##
## confdefs.h. ##
## ----------- ##

#define PACKAGE_NAME "GNU Aspell"
#define PACKAGE_TARNAME "aspell"
#define PACKAGE_VERSION "0.60.7-20110707"
#define PACKAGE_STRING "GNU Aspell 0.60.7-20110707"
#define PACKAGE_BUGREPORT ""
#define PACKAGE "aspell"
#define VERSION "0.60.7-20110707"
#define STDC_HEADERS 1
#define HAVE_SYS_TYPES_H 1
#define HAVE_SYS_STAT_H 1
#define HAVE_STDLIB_H 1
#define HAVE_STRING_H 1
#define HAVE_MEMORY_H 1
#define HAVE_STRINGS_H 1
#define HAVE_INTTYPES_H 1
#define HAVE_STDINT_H 1
#define HAVE_UNISTD_H 1
#define HAVE_DLFCN_H 1
#define LT_OBJDIR ".libs/"
#define HAVE_DLFCN_H 1
#define HAVE_LIBDL 1
#define FILTER_VERSION_CONTROL 1
#define ENABLE_NLS 1
#define HAVE_GETTEXT 1
#define HAVE_DCGETTEXT 1
#define HAVE_DLFCN_H 1
#define HAVE_LIBDL 1
#define USE_FILE_LOCKS 1
#define HAVE_MMAP 1
#define USE_FILE_INO 1
#define USE_LOCALE 1
#define USE_POSIX_REGEX 1
#define HAVE_LANGINFO_CODESET 1
#define USE_POSIX_MUTEX 1
#define HAVE_MBLEN 1
#define CURSES_HEADER <ncurses.h>
#define TERM_HEADER <term.h>
#define HAVE_LIBCURSES 1
#define CURSES_INCLUDE_STANDARD 1
#define POSIX_TERMIOS 1

configure: exit 0
